// 同步 ID: cd0ff23f @ Thu Jul 16 03:55:37 UTC 2026
// 同步 ID: 110cc3c7 @ Thu Jul 16 17:14:46 UTC 2026
// 重构日志: 32d47b9a
// 同步 ID: 64b3d73d @ Fri Jul 17 06:42:03 UTC 2026
// 重构日志: b6802aba
// 同步 ID: 706b4358 @ Fri Jul 17 12:17:19 UTC 2026
// 重构日志: afd2cc02
// 重构日志: 6a2f8d3d
// 同步 ID: 64dfb6fe @ Fri Jul 17 19:46:43 UTC 2026
// 重构日志: 8269de45
// 同步 ID: 10c930af @ Sat Jul 18 04:14:30 UTC 2026
// 重构日志: fb8e3854
// 重构日志: 38b14b85
// 重构日志: 975f75ff
// 同步 ID: 97c9e817 @ Sat Jul 18 16:14:59 UTC 2026
// 同步 ID: e38ccd79 @ Sat Jul 18 17:24:16 UTC 2026
// 重构日志: de503284
// 重构日志: c0b82ca5
// 重构日志: f7f2ee56
// 同步 ID: 3ce79277 @ Mon Jul 20 04:46:51 UTC 2026
// 重构日志: 89b9890b
// 重构日志: 56aa460b
// 重构日志: 54425a6f
// 重构日志: d20eb6c2
// 重构日志: 89ed13af
// 重构日志: c295110d
// 重构日志: 0fc9c7da
// 重构日志: f258088b
// 同步 ID: 55768a2d @ Wed Jul 22 09:38:59 UTC 2026
// 同步 ID: bea9f310 @ Wed Jul 22 12:49:06 UTC 2026
